<?xml version="1.0" encoding="UTF-8"?>
<!-- Generated by org.testng.reporters.JUnitXMLReporter -->
<testsuite ignored="0" hostname="DESKTOP-FALBJAG" failures="0" tests="2" name="Test Zara Coat" time="21.446" errors="0" timestamp="2022-09-23T15:12:57 IST">
  <testcase classname="PageObjectModel.PageObjectModel.ProductCatalog" name="addProductToCart" time="5.484"/>
  <testcase classname="PageObjectModel.PageObjectModel.ProductCatalog" name="checking" time="0.007"/>
</testsuite> <!-- Test Zara Coat -->
